<?xml version="1.0" encoding="UTF-8"?>
<!-- Generated by org.testng.reporters.JUnitReportReporter -->
<testsuite skipped="0" hostname="Salmans-MacBook-Pro.local" name="runner.Sample" tests="3" failures="0" timestamp="22 Apr 2023 16:14:45 GMT" time="0.014" errors="0">
  <testcase name="testNg" time="0.003" classname="runner.Sample"/>
  <testcase name="testNg" time="0.006" classname="runner.Sample"/>
  <testcase name="testNg2" time="0.005" classname="runner.Sample"/>
</testsuite> <!-- runner.Sample -->
